  9장 포인터 과제제출.c
C:\Users\User A\Desktop\Study1\Study\simpleProject\620Project1\9장 포인터 과제제출.c(52,9): warning C4477: 'printf' : 서식 문자열 '%u'에 'unsigned int' 형식의 인수가 필요하지만 variadic 인수 1의 형식이 'char *'입니다.
C:\Users\User A\Desktop\Study1\Study\simpleProject\620Project1\9장 포인터 과제제출.c(52,9): warning C4313: 'printf': 서식 문자열의 '%u'이(가) char *' 형식의 인수 1과(와) 충돌합니다.
C:\Users\User A\Desktop\Study1\Study\simpleProject\620Project1\9장 포인터 과제제출.c(52,9): warning C4477: 'printf' : 서식 문자열 '%u'에 'unsigned int' 형식의 인수가 필요하지만 variadic 인수 2의 형식이 'char *'입니다.
C:\Users\User A\Desktop\Study1\Study\simpleProject\620Project1\9장 포인터 과제제출.c(52,9): warning C4313: 'printf': 서식 문자열의 '%u'이(가) char *' 형식의 인수 2과(와) 충돌합니다.
C:\Users\User A\Desktop\Study1\Study\simpleProject\620Project1\9장 포인터 과제제출.c(52,9): warning C4477: 'printf' : 서식 문자열 '%u'에 'unsigned int' 형식의 인수가 필요하지만 variadic 인수 3의 형식이 'char *'입니다.
C:\Users\User A\Desktop\Study1\Study\simpleProject\620Project1\9장 포인터 과제제출.c(52,9): warning C4313: 'printf': 서식 문자열의 '%u'이(가) char *' 형식의 인수 3과(와) 충돌합니다.
C:\Users\User A\Desktop\Study1\Study\simpleProject\620Project1\9장 포인터 과제제출.c(53,9): warning C4477: 'printf' : 서식 문자열 '%u'에 'unsigned int' 형식의 인수가 필요하지만 variadic 인수 1의 형식이 'int *'입니다.
C:\Users\User A\Desktop\Study1\Study\simpleProject\620Project1\9장 포인터 과제제출.c(53,9): warning C4313: 'printf': 서식 문자열의 '%u'이(가) int *' 형식의 인수 1과(와) 충돌합니다.
C:\Users\User A\Desktop\Study1\Study\simpleProject\620Project1\9장 포인터 과제제출.c(53,9): warning C4477: 'printf' : 서식 문자열 '%u'에 'unsigned int' 형식의 인수가 필요하지만 variadic 인수 2의 형식이 'int *'입니다.
C:\Users\User A\Desktop\Study1\Study\simpleProject\620Project1\9장 포인터 과제제출.c(53,9): warning C4313: 'printf': 서식 문자열의 '%u'이(가) int *' 형식의 인수 2과(와) 충돌합니다.
C:\Users\User A\Desktop\Study1\Study\simpleProject\620Project1\9장 포인터 과제제출.c(53,9): warning C4477: 'printf' : 서식 문자열 '%u'에 'unsigned int' 형식의 인수가 필요하지만 variadic 인수 3의 형식이 'int *'입니다.
C:\Users\User A\Desktop\Study1\Study\simpleProject\620Project1\9장 포인터 과제제출.c(53,9): warning C4313: 'printf': 서식 문자열의 '%u'이(가) int *' 형식의 인수 3과(와) 충돌합니다.
C:\Users\User A\Desktop\Study1\Study\simpleProject\620Project1\9장 포인터 과제제출.c(54,9): warning C4477: 'printf' : 서식 문자열 '%u'에 'unsigned int' 형식의 인수가 필요하지만 variadic 인수 1의 형식이 'double *'입니다.
C:\Users\User A\Desktop\Study1\Study\simpleProject\620Project1\9장 포인터 과제제출.c(54,9): warning C4313: 'printf': 서식 문자열의 '%u'이(가) double *' 형식의 인수 1과(와) 충돌합니다.
C:\Users\User A\Desktop\Study1\Study\simpleProject\620Project1\9장 포인터 과제제출.c(54,9): warning C4477: 'printf' : 서식 문자열 '%u'에 'unsigned int' 형식의 인수가 필요하지만 variadic 인수 2의 형식이 'double *'입니다.
C:\Users\User A\Desktop\Study1\Study\simpleProject\620Project1\9장 포인터 과제제출.c(54,9): warning C4313: 'printf': 서식 문자열의 '%u'이(가) double *' 형식의 인수 2과(와) 충돌합니다.
C:\Users\User A\Desktop\Study1\Study\simpleProject\620Project1\9장 포인터 과제제출.c(54,9): warning C4477: 'printf' : 서식 문자열 '%u'에 'unsigned int' 형식의 인수가 필요하지만 variadic 인수 3의 형식이 'double *'입니다.
C:\Users\User A\Desktop\Study1\Study\simpleProject\620Project1\9장 포인터 과제제출.c(54,9): warning C4313: 'printf': 서식 문자열의 '%u'이(가) double *' 형식의 인수 3과(와) 충돌합니다.
C:\Users\User A\Desktop\Study1\Study\simpleProject\620Project1\9장 포인터 과제제출.c(200,10): warning C4305: '=': 'int'에서 'char'(으)로 잘립니다.
C:\Users\User A\Desktop\Study1\Study\simpleProject\620Project1\9장 포인터 과제제출.c(25,8): warning C4305: '초기화 중': 'double'에서 'float'(으)로 잘립니다.
C:\Users\User A\Desktop\Study1\Study\simpleProject\620Project1\9장 포인터 과제제출.c(243,7): warning C4047: '=': 'int *'의 간접 참조 수준이 'int'과(와) 다릅니다.
C:\Users\User A\Desktop\Study1\Study\simpleProject\620Project1\9장 포인터 과제제출.c(245,5): warning C4047: '=': 'int'의 간접 참조 수준이 'int *'과(와) 다릅니다.
  Project1.vcxproj -> C:\Users\User A\Desktop\Study1\Study\simpleProject\620Project1\x64\Debug\Project1.exe
